<?xml version="1.0" encoding="UTF-8"?>
<!-- Generated by org.testng.reporters.JUnitReportReporter -->
<testsuite hostname="Mez_Laptop" failures="0" tests="1" name="com.TestCases.NavigateFromHomePageToAnothrPage" time="4.017" errors="0" timestamp="2024-07-20T01:34:06 EDT" skipped="0">
  <testcase classname="com.TestCases.NavigateFromHomePageToAnothrPage" name="vrifyingElemntHomePageAndClickOnLinkToNavToDifferntPage" time="4.017"/>
</testsuite> <!-- com.TestCases.NavigateFromHomePageToAnothrPage -->
